aios-bridge/build/outputs/logs/manifest-merger-debug-report.txt
-- Merging decision tree log ---
manifest
ADDED from src\main\AndroidManifest.xml:2:1-116:12
	package
		ADDED from src\main\AndroidManifest.xml:3:11-45
		INJECTED from src\main\AndroidManifest.xml
		INJECTED from src\main\AndroidManifest.xml
	android:sharedUserId
		ADDED from src\main\AndroidManifest.xml:4:11-52
	android:versionName
		INJECTED from src\main\AndroidManifest.xml
		INJECTED from src\main\AndroidManifest.xml
	xmlns:android
		ADDED from src\main\AndroidManifest.xml:2:11-69
	android:versionCode
		INJECTED from src\main\AndroidManifest.xml
		INJECTED from src\main\AndroidManifest.xml
uses-permission#android.permission.ACCESS_WIFI_STATE
ADDED from src\main\AndroidManifest.xml:7:5-75
	android:name
		ADDED from src\main\AndroidManifest.xml:7:22-73
uses-permission#android.permission.CHANGE_WIFI_STATE
ADDED from src\main\AndroidManifest.xml:8:5-75
	android:name
		ADDED from src\main\AndroidManifest.xml:8:22-73
uses-permission#android.permission.WRITE_SETTINGS
ADDED from src\main\AndroidManifest.xml:9:5-72
	android:name
		ADDED from src\main\AndroidManifest.xml:9:22-70
uses-permission#android.permission.RECEIVE_BOOT_COMPLETED
ADDED from src\main\AndroidManifest.xml:10:5-80
	android:name
		ADDED from src\main\AndroidManifest.xml:10:22-78
uses-permission#android.permission.INTERNET
ADDED from src\main\AndroidManifest.xml:11:5-66
	android:name
		ADDED from src\main\AndroidManifest.xml:11:22-64
uses-permission#android.permission.GET_TASKS
ADDED from src\main\AndroidManifest.xml:12:5-67
	android:name
		ADDED from src\main\AndroidManifest.xml:12:22-65
uses-permission#android.permission.FORCE_STOP_PACKAGES
ADDED from src\main\AndroidManifest.xml:13:5-77
	android:name
		ADDED from src\main\AndroidManifest.xml:13:22-75
uses-permission#android.permission.WRITE_SET_TASKS
ADDED from src\main\AndroidManifest.xml:14:5-73
	android:name
		ADDED from src\main\AndroidManifest.xml:14:22-71
application
ADDED from src\main\AndroidManifest.xml:16:5-114:19
	android:label
		ADDED from src\main\AndroidManifest.xml:20:9-41
	android:supportsRtl
		ADDED from src\main\AndroidManifest.xml:22:9-35
	android:allowBackup
		ADDED from src\main\AndroidManifest.xml:18:9-35
	android:icon
		ADDED from src\main\AndroidManifest.xml:19:9-45
	android:persistent
		ADDED from src\main\AndroidManifest.xml:21:9-34
	android:theme
		ADDED from src\main\AndroidManifest.xml:23:9-40
	android:name
		ADDED from src\main\AndroidManifest.xml:17:9-42
activity#com.aispeech.aios.bridge.activity.MainActivity
ADDED from src\main\AndroidManifest.xml:24:9-30:20
	android:name
		ADDED from src\main\AndroidManifest.xml:24:19-56
intent-filter#android.intent.action.MAIN+android.intent.category.LAUNCHER
ADDED from src\main\AndroidManifest.xml:25:13-29:29
action#android.intent.action.MAIN
ADDED from src\main\AndroidManifest.xml:26:17-68
	android:name
		ADDED from src\main\AndroidManifest.xml:26:25-66
category#android.intent.category.LAUNCHER
ADDED from src\main\AndroidManifest.xml:28:17-76
	android:name
		ADDED from src\main\AndroidManifest.xml:28:27-74
activity#com.aispeech.aios.bridge.activity.PhoneActivity
ADDED from src\main\AndroidManifest.xml:31:9-33:55
	android:label
		ADDED from src\main\AndroidManifest.xml:33:13-53
	android:name
		ADDED from src\main\AndroidManifest.xml:32:13-51
activity#com.aispeech.aios.bridge.activity.MusicActivity
ADDED from src\main\AndroidManifest.xml:34:9-36:55
	android:label
		ADDED from src\main\AndroidManifest.xml:36:13-53
	android:name
		ADDED from src\main\AndroidManifest.xml:35:13-51
activity#com.aispeech.aios.bridge.activity.CustomizeActivity
ADDED from src\main\AndroidManifest.xml:37:9-39:59
	android:label
		ADDED from src\main\AndroidManifest.xml:39:13-57
	android:name
		ADDED from src\main\AndroidManifest.xml:38:13-55
activity#com.aispeech.aios.bridge.activity.SystemActivity
ADDED from src\main\AndroidManifest.xml:40:9-42:56
	android:label
		ADDED from src\main\AndroidManifest.xml:42:13-54
	android:name
		ADDED from src\main\AndroidManifest.xml:41:13-52
activity#com.aispeech.aios.bridge.activity.MapActivity
ADDED from src\main\AndroidManifest.xml:43:9-45:53
	android:label
		ADDED from src\main\AndroidManifest.xml:45:13-51
	android:name
		ADDED from src\main\AndroidManifest.xml:44:13-49
activity#com.aispeech.aios.bridge.activity.SettingActivity
ADDED from src\main\AndroidManifest.xml:46:9-48:57
	android:label
		ADDED from src\main\AndroidManifest.xml:48:13-55
	android:name
		ADDED from src\main\AndroidManifest.xml:47:13-53
activity#com.aispeech.aios.bridge.activity.StatusActivity
ADDED from src\main\AndroidManifest.xml:49:9-51:56
	android:label
		ADDED from src\main\AndroidManifest.xml:51:13-54
	android:name
		ADDED from src\main\AndroidManifest.xml:50:13-52
activity#com.aispeech.aios.bridge.activity.RadioActivity
ADDED from src\main\AndroidManifest.xml:52:9-54:55
	android:label
		ADDED from src\main\AndroidManifest.xml:54:13-53
	android:name
		ADDED from src\main\AndroidManifest.xml:53:13-51
activity#com.aispeech.aios.bridge.activity.UIActivity
ADDED from src\main\AndroidManifest.xml:55:9-57:52
	android:label
		ADDED from src\main\AndroidManifest.xml:57:13-50
	android:name
		ADDED from src\main\AndroidManifest.xml:56:13-48
receiver#com.aispeech.aios.bridge.receiver.BridgeReceiver
ADDED from src\main\AndroidManifest.xml:59:9-87:20
	android:enabled
		ADDED from src\main\AndroidManifest.xml:61:13-35
	android:exported
		ADDED from src\main\AndroidManifest.xml:62:13-36
	android:name
		ADDED from src\main\AndroidManifest.xml:60:13-52
intent-filter#action_change_local_map+aios.intent.action.map.BOOT+aios.intent.action.music.BOOT+aios.intent.action.phone.BOOT+android.intent.action.ACTION_SHUTDOWN+audiomanager.intent.action.AIOS_START+audiomanager.intent.action.AIOS_STOP+com.aispeech.aios.adapter.startlistening+com.aispeech.aios.adapter.stoplistening+com.conqueror.CancelparkingMonitoring+com.conqueror.acc.NotifyAIOSEnterParking+com.conqueror.action.jw.CompleteBoot+com.conqueror.parkingMonitoring+com.ljw.aiosalivetest+com.ljw.enableaiostest+com.ljw.rayee.syncsystemvol+com.ljw.restartpresenter+com.ljw.servicealivetest+com.ljw.wakeupalivetest+com.wanma.action.PLAY_TTS
ADDED from src\main\AndroidManifest.xml:63:13-86:29
	android:priority
		ADDED from src\main\AndroidManifest.xml:63:28-51
action#aios.intent.action.phone.BOOT
ADDED from src\main\AndroidManifest.xml:64:17-71
	android:name
		ADDED from src\main\AndroidManifest.xml:64:25-69
action#aios.intent.action.music.BOOT
ADDED from src\main\AndroidManifest.xml:65:17-71
	android:name
		ADDED from src\main\AndroidManifest.xml:65:25-69
action#aios.intent.action.map.BOOT
ADDED from src\main\AndroidManifest.xml:66:17-69
	android:name
		ADDED from src\main\AndroidManifest.xml:66:25-67
action#action_change_local_map
ADDED from src\main\AndroidManifest.xml:68:17-65
	android:name
		ADDED from src\main\AndroidManifest.xml:68:25-63
action#com.conqueror.action.jw.CompleteBoot
ADDED from src\main\AndroidManifest.xml:69:17-78
	android:name
		ADDED from src\main\AndroidManifest.xml:69:25-76
action#com.wanma.action.PLAY_TTS
ADDED from src\main\AndroidManifest.xml:70:17-67
	android:name
		ADDED from src\main\AndroidManifest.xml:70:25-65
action#com.conqueror.parkingMonitoring
ADDED from src\main\AndroidManifest.xml:71:17-73
	android:name
		ADDED from src\main\AndroidManifest.xml:71:25-71
action#com.conqueror.CancelparkingMonitoring
ADDED from src\main\AndroidManifest.xml:72:17-79
	android:name
		ADDED from src\main\AndroidManifest.xml:72:25-77
action#com.aispeech.aios.adapter.startlistening
ADDED from src\main\AndroidManifest.xml:73:17-82
	android:name
		ADDED from src\main\AndroidManifest.xml:73:25-80
action#com.aispeech.aios.adapter.stoplistening
ADDED from src\main\AndroidManifest.xml:74:17-81
	android:name
		ADDED from src\main\AndroidManifest.xml:74:25-79
action#audiomanager.intent.action.AIOS_START
ADDED from src\main\AndroidManifest.xml:75:17-79
	android:name
		ADDED from src\main\AndroidManifest.xml:75:25-77
action#audiomanager.intent.action.AIOS_STOP
ADDED from src\main\AndroidManifest.xml:76:17-78
	android:name
		ADDED from src\main\AndroidManifest.xml:76:25-76
action#android.intent.action.ACTION_SHUTDOWN
ADDED from src\main\AndroidManifest.xml:77:17-79
	android:name
		ADDED from src\main\AndroidManifest.xml:77:25-77
action#com.ljw.servicealivetest
ADDED from src\main\AndroidManifest.xml:79:17-66
	android:name
		ADDED from src\main\AndroidManifest.xml:79:25-64
action#com.ljw.aiosalivetest
ADDED from src\main\AndroidManifest.xml:80:17-63
	android:name
		ADDED from src\main\AndroidManifest.xml:80:25-61
action#com.ljw.wakeupalivetest
ADDED from src\main\AndroidManifest.xml:81:17-65
	android:name
		ADDED from src\main\AndroidManifest.xml:81:25-63
action#com.ljw.enableaiostest
ADDED from src\main\AndroidManifest.xml:82:17-64
	android:name
		ADDED from src\main\AndroidManifest.xml:82:25-62
action#com.ljw.restartpresenter
ADDED from src\main\AndroidManifest.xml:83:17-66
	android:name
		ADDED from src\main\AndroidManifest.xml:83:25-64
action#com.ljw.rayee.syncsystemvol
ADDED from src\main\AndroidManifest.xml:84:17-69
	android:name
		ADDED from src\main\AndroidManifest.xml:84:25-67
action#com.conqueror.acc.NotifyAIOSEnterParking
ADDED from src\main\AndroidManifest.xml:85:17-82
	android:name
		ADDED from src\main\AndroidManifest.xml:85:25-80
receiver#com.aispeech.aios.sdk.receiver.SDKReceiver
ADDED from src\main\AndroidManifest.xml:89:9-103:20
	android:enabled
		ADDED from src\main\AndroidManifest.xml:91:13-35
	android:exported
		ADDED from src\main\AndroidManifest.xml:92:13-36
	android:name
		ADDED from src\main\AndroidManifest.xml:90:13-70
intent-filter#aios.intent.action.REBOOT+aios.intent.action.START_SDK_NODE+android.intent.action.BOOT_COMPLETED+android.intent.action.QUICKBOOT_POWERON
ADDED from src\main\AndroidManifest.xml:94:13-102:29
action#android.intent.action.BOOT_COMPLETED
ADDED from src\main\AndroidManifest.xml:95:17-78
	android:name
		ADDED from src\main\AndroidManifest.xml:95:25-76
action#android.intent.action.QUICKBOOT_POWERON
ADDED from src\main\AndroidManifest.xml:96:17-81
	android:name
		ADDED from src\main\AndroidManifest.xml:96:25-79
action#aios.intent.action.START_SDK_NODE
ADDED from src\main\AndroidManifest.xml:99:17-75
	android:name
		ADDED from src\main\AndroidManifest.xml:99:25-73
action#aios.intent.action.REBOOT
ADDED from src\main\AndroidManifest.xml:101:17-67
	android:name
		ADDED from src\main\AndroidManifest.xml:101:25-65
service#service.MainService
ADDED from src\main\AndroidManifest.xml:105:9-108:38
	android:enabled
		ADDED from src\main\AndroidManifest.xml:107:13-35
	android:exported
		ADDED from src\main\AndroidManifest.xml:108:13-36
	android:name
		ADDED from src\main\AndroidManifest.xml:106:13-47
service#service.DaemonService
ADDED from src\main\AndroidManifest.xml:109:9-113:68
	android:enabled
		ADDED from src\main\AndroidManifest.xml:111:13-35
	android:process
		ADDED from src\main\AndroidManifest.xml:113:13-57
	android:exported
		ADDED from src\main\AndroidManifest.xml:112:13-36
	android:name
		ADDED from src\main\AndroidManifest.xml:110:13-49
uses-sdk
INJECTED from src\main\AndroidManifest.xml reason: use-sdk injection requested
	android:targetSdkVersion
		INJECTED from src\main\AndroidManifest.xml
		INJECTED from src\main\AndroidManifest.xml
	android:minSdkVersion
		INJECTED from src\main\AndroidManifest.xml
		INJECTED from src\main\AndroidManifest.xml